CRITICAL - 2023-08-18 07:10:43 --> Undefined property: stdClass::$slug
in APPPATH\Controllers\Artikel.php on line 104.
 1 APPPATH\Controllers\Artikel.php(104): CodeIgniter\Debug\Exceptions->errorHandler(2, 'Undefined property: stdClass::$slug', 'C:\\xampp\\htdocs\\Codeigniter_VueJs\\backend\\app\\Controllers\\Artikel.php', 104)
 2 SYSTEMPATH\CodeIgniter.php(932): App\Controllers\Artikel->update('3')
 3 SYSTEMPATH\CodeIgniter.php(497): CodeIgniter\CodeIgniter->runController(Object(App\Controllers\Artikel))
 4 SYSTEMPATH\CodeIgniter.php(366): CodeIgniter\CodeIgniter->handleRequest(null, Object(Config\Cache), false)
 5 FCPATH\index.php(74): CodeIgniter\CodeIgniter->run()
 6 SYSTEMPATH\Commands\Server\rewrite.php(47): require_once('C:\\xampp\\htdocs\\Codeigniter_VueJs\\backend\\public\\index.php')
CRITICAL - 2023-08-18 07:10:44 --> Undefined property: stdClass::$slug
in APPPATH\Controllers\Artikel.php on line 104.
 1 APPPATH\Controllers\Artikel.php(104): CodeIgniter\Debug\Exceptions->errorHandler(2, 'Undefined property: stdClass::$slug', 'C:\\xampp\\htdocs\\Codeigniter_VueJs\\backend\\app\\Controllers\\Artikel.php', 104)
 2 SYSTEMPATH\CodeIgniter.php(932): App\Controllers\Artikel->update('3')
 3 SYSTEMPATH\CodeIgniter.php(497): CodeIgniter\CodeIgniter->runController(Object(App\Controllers\Artikel))
 4 SYSTEMPATH\CodeIgniter.php(366): CodeIgniter\CodeIgniter->handleRequest(null, Object(Config\Cache), false)
 5 FCPATH\index.php(74): CodeIgniter\CodeIgniter->run()
 6 SYSTEMPATH\Commands\Server\rewrite.php(47): require_once('C:\\xampp\\htdocs\\Codeigniter_VueJs\\backend\\public\\index.php')
CRITICAL - 2023-08-18 07:10:45 --> Undefined property: stdClass::$slug
in APPPATH\Controllers\Artikel.php on line 104.
 1 APPPATH\Controllers\Artikel.php(104): CodeIgniter\Debug\Exceptions->errorHandler(2, 'Undefined property: stdClass::$slug', 'C:\\xampp\\htdocs\\Codeigniter_VueJs\\backend\\app\\Controllers\\Artikel.php', 104)
 2 SYSTEMPATH\CodeIgniter.php(932): App\Controllers\Artikel->update('3')
 3 SYSTEMPATH\CodeIgniter.php(497): CodeIgniter\CodeIgniter->runController(Object(App\Controllers\Artikel))
 4 SYSTEMPATH\CodeIgniter.php(366): CodeIgniter\CodeIgniter->handleRequest(null, Object(Config\Cache), false)
 5 FCPATH\index.php(74): CodeIgniter\CodeIgniter->run()
 6 SYSTEMPATH\Commands\Server\rewrite.php(47): require_once('C:\\xampp\\htdocs\\Codeigniter_VueJs\\backend\\public\\index.php')
CRITICAL - 2023-08-18 07:10:55 --> Undefined property: stdClass::$slug
in APPPATH\Controllers\Artikel.php on line 104.
 1 APPPATH\Controllers\Artikel.php(104): CodeIgniter\Debug\Exceptions->errorHandler(2, 'Undefined property: stdClass::$slug', 'C:\\xampp\\htdocs\\Codeigniter_VueJs\\backend\\app\\Controllers\\Artikel.php', 104)
 2 SYSTEMPATH\CodeIgniter.php(932): App\Controllers\Artikel->update('3')
 3 SYSTEMPATH\CodeIgniter.php(497): CodeIgniter\CodeIgniter->runController(Object(App\Controllers\Artikel))
 4 SYSTEMPATH\CodeIgniter.php(366): CodeIgniter\CodeIgniter->handleRequest(null, Object(Config\Cache), false)
 5 FCPATH\index.php(74): CodeIgniter\CodeIgniter->run()
 6 SYSTEMPATH\Commands\Server\rewrite.php(47): require_once('C:\\xampp\\htdocs\\Codeigniter_VueJs\\backend\\public\\index.php')
CRITICAL - 2023-08-18 07:11:13 --> Undefined property: stdClass::$slug
in APPPATH\Controllers\Artikel.php on line 104.
 1 APPPATH\Controllers\Artikel.php(104): CodeIgniter\Debug\Exceptions->errorHandler(2, 'Undefined property: stdClass::$slug', 'C:\\xampp\\htdocs\\Codeigniter_VueJs\\backend\\app\\Controllers\\Artikel.php', 104)
 2 SYSTEMPATH\CodeIgniter.php(932): App\Controllers\Artikel->update('3')
 3 SYSTEMPATH\CodeIgniter.php(497): CodeIgniter\CodeIgniter->runController(Object(App\Controllers\Artikel))
 4 SYSTEMPATH\CodeIgniter.php(366): CodeIgniter\CodeIgniter->handleRequest(null, Object(Config\Cache), false)
 5 FCPATH\index.php(74): CodeIgniter\CodeIgniter->run()
 6 SYSTEMPATH\Commands\Server\rewrite.php(47): require_once('C:\\xampp\\htdocs\\Codeigniter_VueJs\\backend\\public\\index.php')
CRITICAL - 2023-08-18 07:12:33 --> Undefined property: stdClass::$slug
in APPPATH\Controllers\Artikel.php on line 104.
 1 APPPATH\Controllers\Artikel.php(104): CodeIgniter\Debug\Exceptions->errorHandler(2, 'Undefined property: stdClass::$slug', 'C:\\xampp\\htdocs\\Codeigniter_VueJs\\backend\\app\\Controllers\\Artikel.php', 104)
 2 SYSTEMPATH\CodeIgniter.php(932): App\Controllers\Artikel->update('3')
 3 SYSTEMPATH\CodeIgniter.php(497): CodeIgniter\CodeIgniter->runController(Object(App\Controllers\Artikel))
 4 SYSTEMPATH\CodeIgniter.php(366): CodeIgniter\CodeIgniter->handleRequest(null, Object(Config\Cache), false)
 5 FCPATH\index.php(74): CodeIgniter\CodeIgniter->run()
 6 SYSTEMPATH\Commands\Server\rewrite.php(47): require_once('C:\\xampp\\htdocs\\Codeigniter_VueJs\\backend\\public\\index.php')
CRITICAL - 2023-08-18 07:12:53 --> Undefined property: stdClass::$slug
in APPPATH\Controllers\Artikel.php on line 104.
 1 APPPATH\Controllers\Artikel.php(104): CodeIgniter\Debug\Exceptions->errorHandler(2, 'Undefined property: stdClass::$slug', 'C:\\xampp\\htdocs\\Codeigniter_VueJs\\backend\\app\\Controllers\\Artikel.php', 104)
 2 SYSTEMPATH\CodeIgniter.php(932): App\Controllers\Artikel->update('3')
 3 SYSTEMPATH\CodeIgniter.php(497): CodeIgniter\CodeIgniter->runController(Object(App\Controllers\Artikel))
 4 SYSTEMPATH\CodeIgniter.php(366): CodeIgniter\CodeIgniter->handleRequest(null, Object(Config\Cache), false)
 5 FCPATH\index.php(74): CodeIgniter\CodeIgniter->run()
 6 SYSTEMPATH\Commands\Server\rewrite.php(47): require_once('C:\\xampp\\htdocs\\Codeigniter_VueJs\\backend\\public\\index.php')
CRITICAL - 2023-08-18 07:14:15 --> Undefined property: stdClass::$slug
in APPPATH\Controllers\Artikel.php on line 104.
 1 APPPATH\Controllers\Artikel.php(104): CodeIgniter\Debug\Exceptions->errorHandler(2, 'Undefined property: stdClass::$slug', 'C:\\xampp\\htdocs\\Codeigniter_VueJs\\backend\\app\\Controllers\\Artikel.php', 104)
 2 SYSTEMPATH\CodeIgniter.php(932): App\Controllers\Artikel->update('3')
 3 SYSTEMPATH\CodeIgniter.php(497): CodeIgniter\CodeIgniter->runController(Object(App\Controllers\Artikel))
 4 SYSTEMPATH\CodeIgniter.php(366): CodeIgniter\CodeIgniter->handleRequest(null, Object(Config\Cache), false)
 5 FCPATH\index.php(74): CodeIgniter\CodeIgniter->run()
 6 SYSTEMPATH\Commands\Server\rewrite.php(47): require_once('C:\\xampp\\htdocs\\Codeigniter_VueJs\\backend\\public\\index.php')
CRITICAL - 2023-08-18 07:20:53 --> Undefined property: stdClass::$slug
in APPPATH\Controllers\Artikel.php on line 104.
 1 APPPATH\Controllers\Artikel.php(104): CodeIgniter\Debug\Exceptions->errorHandler(2, 'Undefined property: stdClass::$slug', 'C:\\xampp\\htdocs\\Codeigniter_VueJs\\backend\\app\\Controllers\\Artikel.php', 104)
 2 SYSTEMPATH\CodeIgniter.php(932): App\Controllers\Artikel->update('3')
 3 SYSTEMPATH\CodeIgniter.php(497): CodeIgniter\CodeIgniter->runController(Object(App\Controllers\Artikel))
 4 SYSTEMPATH\CodeIgniter.php(366): CodeIgniter\CodeIgniter->handleRequest(null, Object(Config\Cache), false)
 5 FCPATH\index.php(74): CodeIgniter\CodeIgniter->run()
 6 SYSTEMPATH\Commands\Server\rewrite.php(47): require_once('C:\\xampp\\htdocs\\Codeigniter_VueJs\\backend\\public\\index.php')
CRITICAL - 2023-08-18 07:21:22 --> Undefined property: stdClass::$slug
in APPPATH\Controllers\Artikel.php on line 104.
 1 APPPATH\Controllers\Artikel.php(104): CodeIgniter\Debug\Exceptions->errorHandler(2, 'Undefined property: stdClass::$slug', 'C:\\xampp\\htdocs\\Codeigniter_VueJs\\backend\\app\\Controllers\\Artikel.php', 104)
 2 SYSTEMPATH\CodeIgniter.php(932): App\Controllers\Artikel->update('3')
 3 SYSTEMPATH\CodeIgniter.php(497): CodeIgniter\CodeIgniter->runController(Object(App\Controllers\Artikel))
 4 SYSTEMPATH\CodeIgniter.php(366): CodeIgniter\CodeIgniter->handleRequest(null, Object(Config\Cache), false)
 5 FCPATH\index.php(74): CodeIgniter\CodeIgniter->run()
 6 SYSTEMPATH\Commands\Server\rewrite.php(47): require_once('C:\\xampp\\htdocs\\Codeigniter_VueJs\\backend\\public\\index.php')
CRITICAL - 2023-08-18 07:21:47 --> Undefined property: stdClass::$slug
in APPPATH\Controllers\Artikel.php on line 104.
 1 APPPATH\Controllers\Artikel.php(104): CodeIgniter\Debug\Exceptions->errorHandler(2, 'Undefined property: stdClass::$slug', 'C:\\xampp\\htdocs\\Codeigniter_VueJs\\backend\\app\\Controllers\\Artikel.php', 104)
 2 SYSTEMPATH\CodeIgniter.php(932): App\Controllers\Artikel->update('3')
 3 SYSTEMPATH\CodeIgniter.php(497): CodeIgniter\CodeIgniter->runController(Object(App\Controllers\Artikel))
 4 SYSTEMPATH\CodeIgniter.php(366): CodeIgniter\CodeIgniter->handleRequest(null, Object(Config\Cache), false)
 5 FCPATH\index.php(74): CodeIgniter\CodeIgniter->run()
 6 SYSTEMPATH\Commands\Server\rewrite.php(47): require_once('C:\\xampp\\htdocs\\Codeigniter_VueJs\\backend\\public\\index.php')
CRITICAL - 2023-08-18 07:22:02 --> Undefined property: stdClass::$slug
in APPPATH\Controllers\Artikel.php on line 104.
 1 APPPATH\Controllers\Artikel.php(104): CodeIgniter\Debug\Exceptions->errorHandler(2, 'Undefined property: stdClass::$slug', 'C:\\xampp\\htdocs\\Codeigniter_VueJs\\backend\\app\\Controllers\\Artikel.php', 104)
 2 SYSTEMPATH\CodeIgniter.php(932): App\Controllers\Artikel->update('3')
 3 SYSTEMPATH\CodeIgniter.php(497): CodeIgniter\CodeIgniter->runController(Object(App\Controllers\Artikel))
 4 SYSTEMPATH\CodeIgniter.php(366): CodeIgniter\CodeIgniter->handleRequest(null, Object(Config\Cache), false)
 5 FCPATH\index.php(74): CodeIgniter\CodeIgniter->run()
 6 SYSTEMPATH\Commands\Server\rewrite.php(47): require_once('C:\\xampp\\htdocs\\Codeigniter_VueJs\\backend\\public\\index.php')
CRITICAL - 2023-08-18 07:22:08 --> Undefined property: stdClass::$slug
in APPPATH\Controllers\Artikel.php on line 104.
 1 APPPATH\Controllers\Artikel.php(104): CodeIgniter\Debug\Exceptions->errorHandler(2, 'Undefined property: stdClass::$slug', 'C:\\xampp\\htdocs\\Codeigniter_VueJs\\backend\\app\\Controllers\\Artikel.php', 104)
 2 SYSTEMPATH\CodeIgniter.php(932): App\Controllers\Artikel->update('3')
 3 SYSTEMPATH\CodeIgniter.php(497): CodeIgniter\CodeIgniter->runController(Object(App\Controllers\Artikel))
 4 SYSTEMPATH\CodeIgniter.php(366): CodeIgniter\CodeIgniter->handleRequest(null, Object(Config\Cache), false)
 5 FCPATH\index.php(74): CodeIgniter\CodeIgniter->run()
 6 SYSTEMPATH\Commands\Server\rewrite.php(47): require_once('C:\\xampp\\htdocs\\Codeigniter_VueJs\\backend\\public\\index.php')
CRITICAL - 2023-08-18 07:23:39 --> Undefined property: stdClass::$slug
in APPPATH\Controllers\Artikel.php on line 104.
 1 APPPATH\Controllers\Artikel.php(104): CodeIgniter\Debug\Exceptions->errorHandler(2, 'Undefined property: stdClass::$slug', 'C:\\xampp\\htdocs\\Codeigniter_VueJs\\backend\\app\\Controllers\\Artikel.php', 104)
 2 SYSTEMPATH\CodeIgniter.php(932): App\Controllers\Artikel->update('3')
 3 SYSTEMPATH\CodeIgniter.php(497): CodeIgniter\CodeIgniter->runController(Object(App\Controllers\Artikel))
 4 SYSTEMPATH\CodeIgniter.php(366): CodeIgniter\CodeIgniter->handleRequest(null, Object(Config\Cache), false)
 5 FCPATH\index.php(74): CodeIgniter\CodeIgniter->run()
 6 SYSTEMPATH\Commands\Server\rewrite.php(47): require_once('C:\\xampp\\htdocs\\Codeigniter_VueJs\\backend\\public\\index.php')
CRITICAL - 2023-08-18 07:29:05 --> Undefined property: stdClass::$slug
in APPPATH\Controllers\Artikel.php on line 104.
 1 APPPATH\Controllers\Artikel.php(104): CodeIgniter\Debug\Exceptions->errorHandler(2, 'Undefined property: stdClass::$slug', 'C:\\xampp\\htdocs\\Codeigniter_VueJs\\backend\\app\\Controllers\\Artikel.php', 104)
 2 SYSTEMPATH\CodeIgniter.php(932): App\Controllers\Artikel->update('3')
 3 SYSTEMPATH\CodeIgniter.php(497): CodeIgniter\CodeIgniter->runController(Object(App\Controllers\Artikel))
 4 SYSTEMPATH\CodeIgniter.php(366): CodeIgniter\CodeIgniter->handleRequest(null, Object(Config\Cache), false)
 5 FCPATH\index.php(74): CodeIgniter\CodeIgniter->run()
 6 SYSTEMPATH\Commands\Server\rewrite.php(47): require_once('C:\\xampp\\htdocs\\Codeigniter_VueJs\\backend\\public\\index.php')
CRITICAL - 2023-08-18 08:14:23 --> Undefined property: stdClass::$slug
in APPPATH\Controllers\Artikel.php on line 68.
 1 APPPATH\Controllers\Artikel.php(68): CodeIgniter\Debug\Exceptions->errorHandler(2, 'Undefined property: stdClass::$slug', 'C:\\xampp\\htdocs\\Codeigniter_VueJs\\backend\\app\\Controllers\\Artikel.php', 68)
 2 SYSTEMPATH\CodeIgniter.php(932): App\Controllers\Artikel->create()
 3 SYSTEMPATH\CodeIgniter.php(497): CodeIgniter\CodeIgniter->runController(Object(App\Controllers\Artikel))
 4 SYSTEMPATH\CodeIgniter.php(366): CodeIgniter\CodeIgniter->handleRequest(null, Object(Config\Cache), false)
 5 FCPATH\index.php(74): CodeIgniter\CodeIgniter->run()
 6 SYSTEMPATH\Commands\Server\rewrite.php(47): require_once('C:\\xampp\\htdocs\\Codeigniter_VueJs\\backend\\public\\index.php')
ERROR - 2023-08-18 10:52:02 --> mysqli_sql_exception: Table 'artikel' already exists in C:\xampp\htdocs\Codeigniter_VueJs\backend\vendor\codeigniter4\framework\system\Database\MySQLi\Connection.php:295
Stack trace:
#0 C:\xampp\htdocs\Codeigniter_VueJs\backend\vendor\codeigniter4\framework\system\Database\MySQLi\Connection.php(295): mysqli->query('CREATE TABLE `a...', 0)
#1 C:\xampp\htdocs\Codeigniter_VueJs\backend\vendor\codeigniter4\framework\system\Database\BaseConnection.php(692): CodeIgniter\Database\MySQLi\Connection->execute('CREATE TABLE `a...')
#2 C:\xampp\htdocs\Codeigniter_VueJs\backend\vendor\codeigniter4\framework\system\Database\BaseConnection.php(606): CodeIgniter\Database\BaseConnection->simpleQuery('CREATE TABLE `a...')
#3 C:\xampp\htdocs\Codeigniter_VueJs\backend\vendor\codeigniter4\framework\system\Database\Forge.php(546): CodeIgniter\Database\BaseConnection->query('CREATE TABLE `a...')
#4 C:\xampp\htdocs\Codeigniter_VueJs\backend\app\Database\Migrations\2023-08-16-153435_Artikel.php(46): CodeIgniter\Database\Forge->createTable('artikel')
#5 C:\xampp\htdocs\Codeigniter_VueJs\backend\vendor\codeigniter4\framework\system\Database\MigrationRunner.php(877): App\Database\Migrations\Artikel->up()
#6 C:\xampp\htdocs\Codeigniter_VueJs\backend\vendor\codeigniter4\framework\system\Database\MigrationRunner.php(188): CodeIgniter\Database\MigrationRunner->migrate('up', Object(stdClass))
#7 C:\xampp\htdocs\Codeigniter_VueJs\backend\vendor\codeigniter4\framework\system\Commands\Database\Migrate.php(84): CodeIgniter\Database\MigrationRunner->latest(NULL)
#8 C:\xampp\htdocs\Codeigniter_VueJs\backend\vendor\codeigniter4\framework\system\CLI\Commands.php(65): CodeIgniter\Commands\Database\Migrate->run(Array)
#9 C:\xampp\htdocs\Codeigniter_VueJs\backend\vendor\codeigniter4\framework\system\CLI\BaseCommand.php(115): CodeIgniter\CLI\Commands->run('migrate', Array)
#10 C:\xampp\htdocs\Codeigniter_VueJs\backend\vendor\codeigniter4\framework\system\Commands\Database\MigrateRefresh.php(85): CodeIgniter\CLI\BaseCommand->call('migrate', Array)
#11 C:\xampp\htdocs\Codeigniter_VueJs\backend\vendor\codeigniter4\framework\system\CLI\Commands.php(65): CodeIgniter\Commands\Database\MigrateRefresh->run(Array)
#12 C:\xampp\htdocs\Codeigniter_VueJs\backend\vendor\codeigniter4\framework\system\CLI\Console.php(37): CodeIgniter\CLI\Commands->run('migrate:refresh', Array)
#13 C:\xampp\htdocs\Codeigniter_VueJs\backend\spark(97): CodeIgniter\CLI\Console->run()
#14 {main}
CRITICAL - 2023-08-18 11:05:04 --> Undefined property: stdClass::$slug
in APPPATH\Controllers\Artikel.php on line 105.
 1 APPPATH\Controllers\Artikel.php(105): CodeIgniter\Debug\Exceptions->errorHandler(2, 'Undefined property: stdClass::$slug', 'C:\\xampp\\htdocs\\Codeigniter_VueJs\\backend\\app\\Controllers\\Artikel.php', 105)
 2 SYSTEMPATH\CodeIgniter.php(932): App\Controllers\Artikel->update('10')
 3 SYSTEMPATH\CodeIgniter.php(497): CodeIgniter\CodeIgniter->runController(Object(App\Controllers\Artikel))
 4 SYSTEMPATH\CodeIgniter.php(366): CodeIgniter\CodeIgniter->handleRequest(null, Object(Config\Cache), false)
 5 FCPATH\index.php(74): CodeIgniter\CodeIgniter->run()
 6 SYSTEMPATH\Commands\Server\rewrite.php(47): require_once('C:\\xampp\\htdocs\\Codeigniter_VueJs\\backend\\public\\index.php')
CRITICAL - 2023-08-18 11:05:08 --> Undefined property: stdClass::$slug
in APPPATH\Controllers\Artikel.php on line 105.
 1 APPPATH\Controllers\Artikel.php(105): CodeIgniter\Debug\Exceptions->errorHandler(2, 'Undefined property: stdClass::$slug', 'C:\\xampp\\htdocs\\Codeigniter_VueJs\\backend\\app\\Controllers\\Artikel.php', 105)
 2 SYSTEMPATH\CodeIgniter.php(932): App\Controllers\Artikel->update('10')
 3 SYSTEMPATH\CodeIgniter.php(497): CodeIgniter\CodeIgniter->runController(Object(App\Controllers\Artikel))
 4 SYSTEMPATH\CodeIgniter.php(366): CodeIgniter\CodeIgniter->handleRequest(null, Object(Config\Cache), false)
 5 FCPATH\index.php(74): CodeIgniter\CodeIgniter->run()
 6 SYSTEMPATH\Commands\Server\rewrite.php(47): require_once('C:\\xampp\\htdocs\\Codeigniter_VueJs\\backend\\public\\index.php')
CRITICAL - 2023-08-18 11:05:23 --> Undefined property: stdClass::$slug
in APPPATH\Controllers\Artikel.php on line 105.
 1 APPPATH\Controllers\Artikel.php(105): CodeIgniter\Debug\Exceptions->errorHandler(2, 'Undefined property: stdClass::$slug', 'C:\\xampp\\htdocs\\Codeigniter_VueJs\\backend\\app\\Controllers\\Artikel.php', 105)
 2 SYSTEMPATH\CodeIgniter.php(932): App\Controllers\Artikel->update('10')
 3 SYSTEMPATH\CodeIgniter.php(497): CodeIgniter\CodeIgniter->runController(Object(App\Controllers\Artikel))
 4 SYSTEMPATH\CodeIgniter.php(366): CodeIgniter\CodeIgniter->handleRequest(null, Object(Config\Cache), false)
 5 FCPATH\index.php(74): CodeIgniter\CodeIgniter->run()
 6 SYSTEMPATH\Commands\Server\rewrite.php(47): require_once('C:\\xampp\\htdocs\\Codeigniter_VueJs\\backend\\public\\index.php')
CRITICAL - 2023-08-18 11:10:45 --> Attempt to read property "judul" on array
in APPPATH\Controllers\Artikel.php on line 41.
 1 APPPATH\Controllers\Artikel.php(41): CodeIgniter\Debug\Exceptions->errorHandler(2, 'Attempt to read property "judul" on array', 'C:\\xampp\\htdocs\\Codeigniter_VueJs\\backend\\app\\Controllers\\Artikel.php', 41)
 2 SYSTEMPATH\CodeIgniter.php(932): App\Controllers\Artikel->show('10')
 3 SYSTEMPATH\CodeIgniter.php(497): CodeIgniter\CodeIgniter->runController(Object(App\Controllers\Artikel))
 4 SYSTEMPATH\CodeIgniter.php(366): CodeIgniter\CodeIgniter->handleRequest(null, Object(Config\Cache), false)
 5 FCPATH\index.php(74): CodeIgniter\CodeIgniter->run()
 6 SYSTEMPATH\Commands\Server\rewrite.php(47): require_once('C:\\xampp\\htdocs\\Codeigniter_VueJs\\backend\\public\\index.php')
CRITICAL - 2023-08-18 12:10:01 --> Call to a member function update() on array
in APPPATH\Controllers\Artikel.php on line 50.
 1 SYSTEMPATH\CodeIgniter.php(932): App\Controllers\Artikel->show('10')
 2 SYSTEMPATH\CodeIgniter.php(497): CodeIgniter\CodeIgniter->runController(Object(App\Controllers\Artikel))
 3 SYSTEMPATH\CodeIgniter.php(366): CodeIgniter\CodeIgniter->handleRequest(null, Object(Config\Cache), false)
 4 FCPATH\index.php(74): CodeIgniter\CodeIgniter->run()
 5 SYSTEMPATH\Commands\Server\rewrite.php(47): require_once('C:\\xampp\\htdocs\\Codeigniter_VueJs\\backend\\public\\index.php')
CRITICAL - 2023-08-18 14:32:44 --> Call to a member function update() on array
in APPPATH\Controllers\Artikel.php on line 50.
 1 SYSTEMPATH\CodeIgniter.php(932): App\Controllers\Artikel->show('11')
 2 SYSTEMPATH\CodeIgniter.php(497): CodeIgniter\CodeIgniter->runController(Object(App\Controllers\Artikel))
 3 SYSTEMPATH\CodeIgniter.php(366): CodeIgniter\CodeIgniter->handleRequest(null, Object(Config\Cache), false)
 4 FCPATH\index.php(74): CodeIgniter\CodeIgniter->run()
 5 SYSTEMPATH\Commands\Server\rewrite.php(47): require_once('C:\\xampp\\htdocs\\Codeigniter_VueJs\\backend\\public\\index.php')
CRITICAL - 2023-08-18 14:32:49 --> Call to a member function update() on array
in APPPATH\Controllers\Artikel.php on line 50.
 1 SYSTEMPATH\CodeIgniter.php(932): App\Controllers\Artikel->show('10')
 2 SYSTEMPATH\CodeIgniter.php(497): CodeIgniter\CodeIgniter->runController(Object(App\Controllers\Artikel))
 3 SYSTEMPATH\CodeIgniter.php(366): CodeIgniter\CodeIgniter->handleRequest(null, Object(Config\Cache), false)
 4 FCPATH\index.php(74): CodeIgniter\CodeIgniter->run()
 5 SYSTEMPATH\Commands\Server\rewrite.php(47): require_once('C:\\xampp\\htdocs\\Codeigniter_VueJs\\backend\\public\\index.php')
CRITICAL - 2023-08-18 14:33:06 --> Call to a member function update() on array
in APPPATH\Controllers\Artikel.php on line 50.
 1 SYSTEMPATH\CodeIgniter.php(932): App\Controllers\Artikel->show('11')
 2 SYSTEMPATH\CodeIgniter.php(497): CodeIgniter\CodeIgniter->runController(Object(App\Controllers\Artikel))
 3 SYSTEMPATH\CodeIgniter.php(366): CodeIgniter\CodeIgniter->handleRequest(null, Object(Config\Cache), false)
 4 FCPATH\index.php(74): CodeIgniter\CodeIgniter->run()
 5 SYSTEMPATH\Commands\Server\rewrite.php(47): require_once('C:\\xampp\\htdocs\\Codeigniter_VueJs\\backend\\public\\index.php')
CRITICAL - 2023-08-18 14:33:42 --> Call to a member function update() on array
in APPPATH\Controllers\Artikel.php on line 50.
 1 SYSTEMPATH\CodeIgniter.php(932): App\Controllers\Artikel->show('10')
 2 SYSTEMPATH\CodeIgniter.php(497): CodeIgniter\CodeIgniter->runController(Object(App\Controllers\Artikel))
 3 SYSTEMPATH\CodeIgniter.php(366): CodeIgniter\CodeIgniter->handleRequest(null, Object(Config\Cache), false)
 4 FCPATH\index.php(74): CodeIgniter\CodeIgniter->run()
 5 SYSTEMPATH\Commands\Server\rewrite.php(47): require_once('C:\\xampp\\htdocs\\Codeigniter_VueJs\\backend\\public\\index.php')
